"clang -o conftest -I/Users/matsumotoyuki/.rbenv/versions/2.3.7/include/ruby-2.3.0/x86_64-darwin18 -I/Users/matsumotoyuki/.rbenv/versions/2.3.7/include/ruby-2.3.0/ruby/backward -I/Users/matsumotoyuki/.rbenv/versions/2.3.7/include/ruby-2.3.0 -I. -I/Users/matsumotoyuki/.rbenv/versions/2.3.7/include  -D_XOPEN_SOURCE -D_DARWIN_C_SOURCE -D_DARWIN_UNLIMITED_SELECT -D_REENTRANT    -O3 -Wno-error=shorten-64-to-32  -pipe  -I /Library/Developer/CommandLineTools/SDKs/MacOSX.sdk/usr/include/libxml2 conftest.c  -L. -L/Users/matsumotoyuki/.rbenv/versions/2.3.7/lib -L. -L/Users/matsumotoyuki/.rbenv/versions/2.3.7/lib  -fstack-protector -L/usr/local/lib     -lruby-static -framework Foundation  -lpthread -ldl -lobjc  "
checked program was:
/* begin */
1: #include "ruby.h"
2: 
3: int main(int argc, char **argv)
4: {
5:   return 0;
6: }
/* end */

"clang -I/Users/matsumotoyuki/.rbenv/versions/2.3.7/include/ruby-2.3.0/x86_64-darwin18 -I/Users/matsumotoyuki/.rbenv/versions/2.3.7/include/ruby-2.3.0/ruby/backward -I/Users/matsumotoyuki/.rbenv/versions/2.3.7/include/ruby-2.3.0 -I. -I/Users/matsumotoyuki/.rbenv/versions/2.3.7/include  -D_XOPEN_SOURCE -D_DARWIN_C_SOURCE -D_DARWIN_UNLIMITED_SELECT -D_REENTRANT    -O3 -Wno-error=shorten-64-to-32  -pipe  -I /Library/Developer/CommandLineTools/SDKs/MacOSX.sdk/usr/include/libxml2   -Werror -c conftest.c"
checked program was:
/* begin */
1: #include "ruby.h"
2: 
3: int main() {return 0;}
/* end */

"clang -I/Users/matsumotoyuki/.rbenv/versions/2.3.7/include/ruby-2.3.0/x86_64-darwin18 -I/Users/matsumotoyuki/.rbenv/versions/2.3.7/include/ruby-2.3.0/ruby/backward -I/Users/matsumotoyuki/.rbenv/versions/2.3.7/include/ruby-2.3.0 -I. -I/Users/matsumotoyuki/.rbenv/versions/2.3.7/include  -D_XOPEN_SOURCE -D_DARWIN_C_SOURCE -D_DARWIN_UNLIMITED_SELECT -D_REENTRANT    -O3 -Wno-error=shorten-64-to-32  -pipe  -I /Library/Developer/CommandLineTools/SDKs/MacOSX.sdk/usr/include/libxml2 -Wno-error=unused-command-line-argument-hard-error-in-future   -Werror -c conftest.c"
error: unknown warning option '-Werror=unused-command-line-argument-hard-error-in-future'; did you mean '-Werror=unused-command-line-argument'? [-Werror,-Wunknown-warning-option]
checked program was:
/* begin */
1: #include "ruby.h"
2: 
3: int main() {return 0;}
/* end */

have_header: checking for iconv.h... -------------------- yes

"clang -E -I/Users/matsumotoyuki/.rbenv/versions/2.3.7/include/ruby-2.3.0/x86_64-darwin18 -I/Users/matsumotoyuki/.rbenv/versions/2.3.7/include/ruby-2.3.0/ruby/backward -I/Users/matsumotoyuki/.rbenv/versions/2.3.7/include/ruby-2.3.0 -I. -I/Users/matsumotoyuki/.rbenv/versions/2.3.7/include  -D_XOPEN_SOURCE -D_DARWIN_C_SOURCE -D_DARWIN_UNLIMITED_SELECT -D_REENTRANT    -O3 -Wno-error=shorten-64-to-32  -pipe  -I /Library/Developer/CommandLineTools/SDKs/MacOSX.sdk/usr/include/libxml2  conftest.c -o conftest.i"
checked program was:
/* begin */
1: #include "ruby.h"
2: 
3: #include <iconv.h>
/* end */

--------------------

have_library: checking for gzdopen() in -lz... -------------------- yes

"clang -o conftest -I/Users/matsumotoyuki/.rbenv/versions/2.3.7/include/ruby-2.3.0/x86_64-darwin18 -I/Users/matsumotoyuki/.rbenv/versions/2.3.7/include/ruby-2.3.0/ruby/backward -I/Users/matsumotoyuki/.rbenv/versions/2.3.7/include/ruby-2.3.0 -I. -I/Users/matsumotoyuki/.rbenv/versions/2.3.7/include  -D_XOPEN_SOURCE -D_DARWIN_C_SOURCE -D_DARWIN_UNLIMITED_SELECT -D_REENTRANT    -O3 -Wno-error=shorten-64-to-32  -pipe  -I /Library/Developer/CommandLineTools/SDKs/MacOSX.sdk/usr/include/libxml2 conftest.c  -L. -L/Users/matsumotoyuki/.rbenv/versions/2.3.7/lib -L. -L/Users/matsumotoyuki/.rbenv/versions/2.3.7/lib  -fstack-protector -L/usr/local/lib     -lruby-static -framework Foundation -lz  -lpthread -ldl -lobjc  "
checked program was:
/* begin */
 1: #include "ruby.h"
 2: 
 3: #include <zlib.h>
 4: 
 5: /*top*/
 6: extern int t(void);
 7: int main(int argc, char **argv)
 8: {
 9:   if (argc > 1000000) {
10:     printf("%p", &t);
11:   }
12: 
13:   return 0;
14: }
15: int t(void) { void ((*volatile p)()); p = (void ((*)()))gzdopen; return !p; }
/* end */

--------------------

have_iconv?: checking for iconv using --with-iconv-* flags... -------------------- yes

"clang -o conftest -I/Users/matsumotoyuki/.rbenv/versions/2.3.7/include/ruby-2.3.0/x86_64-darwin18 -I/Users/matsumotoyuki/.rbenv/versions/2.3.7/include/ruby-2.3.0/ruby/backward -I/Users/matsumotoyuki/.rbenv/versions/2.3.7/include/ruby-2.3.0 -I. -I/usr/local/opt/libiconv/include -I/Users/matsumotoyuki/.rbenv/versions/2.3.7/include  -D_XOPEN_SOURCE -D_DARWIN_C_SOURCE -D_DARWIN_UNLIMITED_SELECT -D_REENTRANT    -O3 -Wno-error=shorten-64-to-32  -pipe  -I /Library/Developer/CommandLineTools/SDKs/MacOSX.sdk/usr/include/libxml2 conftest.c  -L. -L/Users/matsumotoyuki/.rbenv/versions/2.3.7/lib -L/usr/local/opt/libiconv/lib -L. -L/Users/matsumotoyuki/.rbenv/versions/2.3.7/lib  -fstack-protector -L/usr/local/lib     -lruby-static -framework Foundation  -lpthread -ldl -lobjc  "
Undefined symbols for architecture x86_64:
  "_libiconv", referenced from:
      _main in conftest-556cda.o
  "_libiconv_open", referenced from:
      _main in conftest-556cda.o
ld: symbol(s) not found for architecture x86_64
clang: error: linker command failed with exit code 1 (use -v to see invocation)
checked program was:
/* begin */
 1: #include "ruby.h"
 2: 
 3: #include <stdlib.h>
 4: #include <iconv.h>
 5: 
 6: int main(void)
 7: {
 8:     iconv_t cd = iconv_open("", "");
 9:     iconv(cd, NULL, NULL, NULL, NULL);
10:     return EXIT_SUCCESS;
11: }
/* end */

"clang -o conftest -I/Users/matsumotoyuki/.rbenv/versions/2.3.7/include/ruby-2.3.0/x86_64-darwin18 -I/Users/matsumotoyuki/.rbenv/versions/2.3.7/include/ruby-2.3.0/ruby/backward -I/Users/matsumotoyuki/.rbenv/versions/2.3.7/include/ruby-2.3.0 -I. -I/usr/local/opt/libiconv/include -I/Users/matsumotoyuki/.rbenv/versions/2.3.7/include  -D_XOPEN_SOURCE -D_DARWIN_C_SOURCE -D_DARWIN_UNLIMITED_SELECT -D_REENTRANT    -O3 -Wno-error=shorten-64-to-32  -pipe  -I /Library/Developer/CommandLineTools/SDKs/MacOSX.sdk/usr/include/libxml2 conftest.c  -L. -L/Users/matsumotoyuki/.rbenv/versions/2.3.7/lib -L/usr/local/opt/libiconv/lib -L. -L/Users/matsumotoyuki/.rbenv/versions/2.3.7/lib  -fstack-protector -L/usr/local/lib     -lruby-static -framework Foundation -liconv -lpthread -ldl -lobjc  "
checked program was:
/* begin */
 1: #include "ruby.h"
 2: 
 3: #include <stdlib.h>
 4: #include <iconv.h>
 5: 
 6: int main(void)
 7: {
 8:     iconv_t cd = iconv_open("", "");
 9:     iconv(cd, NULL, NULL, NULL, NULL);
10:     return EXIT_SUCCESS;
11: }
/* end */

--------------------

have_library: checking for main() in -llzma... -------------------- yes

"clang -o conftest -I/Users/matsumotoyuki/.rbenv/versions/2.3.7/include/ruby-2.3.0/x86_64-darwin18 -I/Users/matsumotoyuki/.rbenv/versions/2.3.7/include/ruby-2.3.0/ruby/backward -I/Users/matsumotoyuki/.rbenv/versions/2.3.7/include/ruby-2.3.0 -I. -I/Users/matsumotoyuki/.rbenv/versions/2.3.7/include  -D_XOPEN_SOURCE -D_DARWIN_C_SOURCE -D_DARWIN_UNLIMITED_SELECT -D_REENTRANT    -O3 -Wno-error=shorten-64-to-32  -pipe  -I /Library/Developer/CommandLineTools/SDKs/MacOSX.sdk/usr/include/libxml2 -DNOKOGIRI_USE_PACKAGED_LIBRARIES conftest.c  -L. -L/Users/matsumotoyuki/.rbenv/versions/2.3.7/lib -L. -L/Users/matsumotoyuki/.rbenv/versions/2.3.7/lib  -fstack-protector -L/usr/local/lib     -lruby-static -framework Foundation -llzma  -lpthread -ldl -lobjc  "
checked program was:
/* begin */
 1: #include "ruby.h"
 2: 
 3: /*top*/
 4: extern int t(void);
 5: int main(int argc, char **argv)
 6: {
 7:   if (argc > 1000000) {
 8:     printf("%p", &t);
 9:   }
10: 
11:   return 0;
12: }
13: int t(void) { void ((*volatile p)()); p = (void ((*)()))main; return !p; }
/* end */

--------------------

have_func: checking for xmlParseDoc() in libxml/parser.h... -------------------- no

"clang -o conftest -I/Users/matsumotoyuki/.rbenv/versions/2.3.7/include/ruby-2.3.0/x86_64-darwin18 -I/Users/matsumotoyuki/.rbenv/versions/2.3.7/include/ruby-2.3.0/ruby/backward -I/Users/matsumotoyuki/.rbenv/versions/2.3.7/include/ruby-2.3.0 -I. -I/Users/matsumotoyuki/Project/ruby_on_rails/tweet-app/vender/bundle/ruby/2.3.0/gems/nokogiri-1.10.3/ports/x86_64-apple-darwin18.2.0/libxslt/1.1.33/include -I/Users/matsumotoyuki/Project/ruby_on_rails/tweet-app/vender/bundle/ruby/2.3.0/gems/nokogiri-1.10.3/ports/x86_64-apple-darwin18.2.0/libxml2/2.9.9/include/libxml2 -I/Users/matsumotoyuki/Project/ruby_on_rails/tweet-app/vender/bundle/ruby/2.3.0/gems/nokogiri-1.10.3/ports/x86_64-apple-darwin18.2.0/libxml2/2.9.9/include/libxml2 -I/Users/matsumotoyuki/.rbenv/versions/2.3.7/include  -D_XOPEN_SOURCE -D_DARWIN_C_SOURCE -D_DARWIN_UNLIMITED_SELECT -D_REENTRANT   "-DNOKOGIRI_LIBXML2_PATH=\"/Users/matsumotoyuki/Project/ruby_on_rails/tweet-app/vender/bundle/ruby/2.3.0/gems/nokogiri-1.10.3/ports/x86_64-apple-darwin18.2.0/libxml2/2.9.9\"" "-DNOKOGIRI_LIBXML2_PATCHES=\"0001-Revert-Do-not-URI-escape-in-server-side-includes.patch 0002-Remove-script-macro-support.patch 0003-Update-entities-to-remove-handling-of-ssi.patch\"" "-DNOKOGIRI_LIBXSLT_PATH=\"/Users/matsumotoyuki/Project/ruby_on_rails/tweet-app/vender/bundle/ruby/2.3.0/gems/nokogiri-1.10.3/ports/x86_64-apple-darwin18.2.0/libxslt/1.1.33\"" "-DNOKOGIRI_LIBXSLT_PATCHES=\"0001-Fix-security-framework-bypass.patch\""  -O3 -Wno-error=shorten-64-to-32  -pipe  -I /Library/Developer/CommandLineTools/SDKs/MacOSX.sdk/usr/include/libxml2 -DNOKOGIRI_USE_PACKAGED_LIBRARIES conftest.c  -L. -L/Users/matsumotoyuki/.rbenv/versions/2.3.7/lib -L/Users/matsumotoyuki/Project/ruby_on_rails/tweet-app/vender/bundle/ruby/2.3.0/gems/nokogiri-1.10.3/ports/x86_64-apple-darwin18.2.0/libxml2/2.9.9/lib -L/Users/matsumotoyuki/Project/ruby_on_rails/tweet-app/vender/bundle/ruby/2.3.0/gems/nokogiri-1.10.3/ports/x86_64-apple-darwin18.2.0/libxslt/1.1.33/lib -L/usr/local/Cellar/xz/5.2.4/lib -L. -L/Users/matsumotoyuki/.rbenv/versions/2.3.7/lib  -fstack-protector -L/usr/local/lib    /Users/matsumotoyuki/Project/ruby_on_rails/tweet-app/vender/bundle/ruby/2.3.0/gems/nokogiri-1.10.3/ports/x86_64-apple-darwin18.2.0/libxslt/1.1.33/lib/libexslt.a -lm -liconv -lpthread -llzma -lz /Users/matsumotoyuki/Project/ruby_on_rails/tweet-app/vender/bundle/ruby/2.3.0/gems/nokogiri-1.10.3/ports/x86_64-apple-darwin18.2.0/libxml2/2.9.9/lib/libxml2.a /Users/matsumotoyuki/Project/ruby_on_rails/tweet-app/vender/bundle/ruby/2.3.0/gems/nokogiri-1.10.3/ports/x86_64-apple-darwin18.2.0/libxslt/1.1.33/lib/libxslt.a -lm -liconv -lpthread -llzma -lz /Users/matsumotoyuki/Project/ruby_on_rails/tweet-app/vender/bundle/ruby/2.3.0/gems/nokogiri-1.10.3/ports/x86_64-apple-darwin18.2.0/libxml2/2.9.9/lib/libxml2.a -llzma -lruby-static -framework Foundation /Users/matsumotoyuki/Project/ruby_on_rails/tweet-app/vender/bundle/ruby/2.3.0/gems/nokogiri-1.10.3/ports/x86_64-apple-darwin18.2.0/libxslt/1.1.33/lib/libexslt.a -lm -liconv -lpthread -llzma -lz /Users/matsumotoyuki/Project/ruby_on_rails/tweet-app/vender/bundle/ruby/2.3.0/gems/nokogiri-1.10.3/ports/x86_64-apple-darwin18.2.0/libxml2/2.9.9/lib/libxml2.a /Users/matsumotoyuki/Project/ruby_on_rails/tweet-app/vender/bundle/ruby/2.3.0/gems/nokogiri-1.10.3/ports/x86_64-apple-darwin18.2.0/libxslt/1.1.33/lib/libxslt.a -lm -liconv -lpthread -llzma -lz /Users/matsumotoyuki/Project/ruby_on_rails/tweet-app/vender/bundle/ruby/2.3.0/gems/nokogiri-1.10.3/ports/x86_64-apple-darwin18.2.0/libxml2/2.9.9/lib/libxml2.a -llzma -lpthread -ldl -lobjc  "
Undefined symbols for architecture x86_64:
  "_libiconv", referenced from:
      _xmlIconvWrapper in libxml2.a(encoding.o)
  "_libiconv_close", referenced from:
      _xmlFindCharEncodingHandler in libxml2.a(encoding.o)
      _xmlCharEncCloseFunc in libxml2.a(encoding.o)
  "_libiconv_open", referenced from:
      _xmlFindCharEncodingHandler in libxml2.a(encoding.o)
ld: symbol(s) not found for architecture x86_64
clang: error: linker command failed with exit code 1 (use -v to see invocation)
checked program was:
/* begin */
 1: #include "ruby.h"
 2: 
 3: #include <libxml/parser.h>
 4: 
 5: /*top*/
 6: extern int t(void);
 7: int main(int argc, char **argv)
 8: {
 9:   if (argc > 1000000) {
10:     printf("%p", &t);
11:   }
12: 
13:   return 0;
14: }
15: int t(void) { void ((*volatile p)()); p = (void ((*)()))xmlParseDoc; return !p; }
/* end */

"clang -o conftest -I/Users/matsumotoyuki/.rbenv/versions/2.3.7/include/ruby-2.3.0/x86_64-darwin18 -I/Users/matsumotoyuki/.rbenv/versions/2.3.7/include/ruby-2.3.0/ruby/backward -I/Users/matsumotoyuki/.rbenv/versions/2.3.7/include/ruby-2.3.0 -I. -I/Users/matsumotoyuki/Project/ruby_on_rails/tweet-app/vender/bundle/ruby/2.3.0/gems/nokogiri-1.10.3/ports/x86_64-apple-darwin18.2.0/libxslt/1.1.33/include -I/Users/matsumotoyuki/Project/ruby_on_rails/tweet-app/vender/bundle/ruby/2.3.0/gems/nokogiri-1.10.3/ports/x86_64-apple-darwin18.2.0/libxml2/2.9.9/include/libxml2 -I/Users/matsumotoyuki/Project/ruby_on_rails/tweet-app/vender/bundle/ruby/2.3.0/gems/nokogiri-1.10.3/ports/x86_64-apple-darwin18.2.0/libxml2/2.9.9/include/libxml2 -I/Users/matsumotoyuki/.rbenv/versions/2.3.7/include  -D_XOPEN_SOURCE -D_DARWIN_C_SOURCE -D_DARWIN_UNLIMITED_SELECT -D_REENTRANT   "-DNOKOGIRI_LIBXML2_PATH=\"/Users/matsumotoyuki/Project/ruby_on_rails/tweet-app/vender/bundle/ruby/2.3.0/gems/nokogiri-1.10.3/ports/x86_64-apple-darwin18.2.0/libxml2/2.9.9\"" "-DNOKOGIRI_LIBXML2_PATCHES=\"0001-Revert-Do-not-URI-escape-in-server-side-includes.patch 0002-Remove-script-macro-support.patch 0003-Update-entities-to-remove-handling-of-ssi.patch\"" "-DNOKOGIRI_LIBXSLT_PATH=\"/Users/matsumotoyuki/Project/ruby_on_rails/tweet-app/vender/bundle/ruby/2.3.0/gems/nokogiri-1.10.3/ports/x86_64-apple-darwin18.2.0/libxslt/1.1.33\"" "-DNOKOGIRI_LIBXSLT_PATCHES=\"0001-Fix-security-framework-bypass.patch\""  -O3 -Wno-error=shorten-64-to-32  -pipe  -I /Library/Developer/CommandLineTools/SDKs/MacOSX.sdk/usr/include/libxml2 -DNOKOGIRI_USE_PACKAGED_LIBRARIES conftest.c  -L. -L/Users/matsumotoyuki/.rbenv/versions/2.3.7/lib -L/Users/matsumotoyuki/Project/ruby_on_rails/tweet-app/vender/bundle/ruby/2.3.0/gems/nokogiri-1.10.3/ports/x86_64-apple-darwin18.2.0/libxml2/2.9.9/lib -L/Users/matsumotoyuki/Project/ruby_on_rails/tweet-app/vender/bundle/ruby/2.3.0/gems/nokogiri-1.10.3/ports/x86_64-apple-darwin18.2.0/libxslt/1.1.33/lib -L/usr/local/Cellar/xz/5.2.4/lib -L. -L/Users/matsumotoyuki/.rbenv/versions/2.3.7/lib  -fstack-protector -L/usr/local/lib    /Users/matsumotoyuki/Project/ruby_on_rails/tweet-app/vender/bundle/ruby/2.3.0/gems/nokogiri-1.10.3/ports/x86_64-apple-darwin18.2.0/libxslt/1.1.33/lib/libexslt.a -lm -liconv -lpthread -llzma -lz /Users/matsumotoyuki/Project/ruby_on_rails/tweet-app/vender/bundle/ruby/2.3.0/gems/nokogiri-1.10.3/ports/x86_64-apple-darwin18.2.0/libxml2/2.9.9/lib/libxml2.a /Users/matsumotoyuki/Project/ruby_on_rails/tweet-app/vender/bundle/ruby/2.3.0/gems/nokogiri-1.10.3/ports/x86_64-apple-darwin18.2.0/libxslt/1.1.33/lib/libxslt.a -lm -liconv -lpthread -llzma -lz /Users/matsumotoyuki/Project/ruby_on_rails/tweet-app/vender/bundle/ruby/2.3.0/gems/nokogiri-1.10.3/ports/x86_64-apple-darwin18.2.0/libxml2/2.9.9/lib/libxml2.a -llzma -lruby-static -framework Foundation /Users/matsumotoyuki/Project/ruby_on_rails/tweet-app/vender/bundle/ruby/2.3.0/gems/nokogiri-1.10.3/ports/x86_64-apple-darwin18.2.0/libxslt/1.1.33/lib/libexslt.a -lm -liconv -lpthread -llzma -lz /Users/matsumotoyuki/Project/ruby_on_rails/tweet-app/vender/bundle/ruby/2.3.0/gems/nokogiri-1.10.3/ports/x86_64-apple-darwin18.2.0/libxml2/2.9.9/lib/libxml2.a /Users/matsumotoyuki/Project/ruby_on_rails/tweet-app/vender/bundle/ruby/2.3.0/gems/nokogiri-1.10.3/ports/x86_64-apple-darwin18.2.0/libxslt/1.1.33/lib/libxslt.a -lm -liconv -lpthread -llzma -lz /Users/matsumotoyuki/Project/ruby_on_rails/tweet-app/vender/bundle/ruby/2.3.0/gems/nokogiri-1.10.3/ports/x86_64-apple-darwin18.2.0/libxml2/2.9.9/lib/libxml2.a -llzma -lpthread -ldl -lobjc  "
conftest.c:15:13: error: conflicting types for 'xmlParseDoc'
extern void xmlParseDoc();
            ^
/Users/matsumotoyuki/Project/ruby_on_rails/tweet-app/vender/bundle/ruby/2.3.0/gems/nokogiri-1.10.3/ports/x86_64-apple-darwin18.2.0/libxml2/2.9.9/include/libxml2/libxml/parser.h:842:3: note: previous declaration is here
                xmlParseDoc             (const xmlChar *cur);
                ^
conftest.c:16:27: error: too few arguments to function call, single argument 'cur' was not specified
int t(void) { xmlParseDoc(); return 0; }
              ~~~~~~~~~~~ ^
/Users/matsumotoyuki/Project/ruby_on_rails/tweet-app/vender/bundle/ruby/2.3.0/gems/nokogiri-1.10.3/ports/x86_64-apple-darwin18.2.0/libxml2/2.9.9/include/libxml2/libxml/parser.h:841:11: note: 'xmlParseDoc' declared here
XMLPUBFUN xmlDocPtr XMLCALL
          ^
2 errors generated.
checked program was:
/* begin */
 1: #include "ruby.h"
 2: 
 3: #include <libxml/parser.h>
 4: 
 5: /*top*/
 6: extern int t(void);
 7: int main(int argc, char **argv)
 8: {
 9:   if (argc > 1000000) {
10:     printf("%p", &t);
11:   }
12: 
13:   return 0;
14: }
15: extern void xmlParseDoc();
16: int t(void) { xmlParseDoc(); return 0; }
/* end */

--------------------

have_library: checking for xmlParseDoc() in -lxml2... -------------------- no

"clang -o conftest -I/Users/matsumotoyuki/.rbenv/versions/2.3.7/include/ruby-2.3.0/x86_64-darwin18 -I/Users/matsumotoyuki/.rbenv/versions/2.3.7/include/ruby-2.3.0/ruby/backward -I/Users/matsumotoyuki/.rbenv/versions/2.3.7/include/ruby-2.3.0 -I. -I/Users/matsumotoyuki/Project/ruby_on_rails/tweet-app/vender/bundle/ruby/2.3.0/gems/nokogiri-1.10.3/ports/x86_64-apple-darwin18.2.0/libxslt/1.1.33/include -I/Users/matsumotoyuki/Project/ruby_on_rails/tweet-app/vender/bundle/ruby/2.3.0/gems/nokogiri-1.10.3/ports/x86_64-apple-darwin18.2.0/libxml2/2.9.9/include/libxml2 -I/Users/matsumotoyuki/Project/ruby_on_rails/tweet-app/vender/bundle/ruby/2.3.0/gems/nokogiri-1.10.3/ports/x86_64-apple-darwin18.2.0/libxml2/2.9.9/include/libxml2 -I/Users/matsumotoyuki/.rbenv/versions/2.3.7/include  -D_XOPEN_SOURCE -D_DARWIN_C_SOURCE -D_DARWIN_UNLIMITED_SELECT -D_REENTRANT   "-DNOKOGIRI_LIBXML2_PATH=\"/Users/matsumotoyuki/Project/ruby_on_rails/tweet-app/vender/bundle/ruby/2.3.0/gems/nokogiri-1.10.3/ports/x86_64-apple-darwin18.2.0/libxml2/2.9.9\"" "-DNOKOGIRI_LIBXML2_PATCHES=\"0001-Revert-Do-not-URI-escape-in-server-side-includes.patch 0002-Remove-script-macro-support.patch 0003-Update-entities-to-remove-handling-of-ssi.patch\"" "-DNOKOGIRI_LIBXSLT_PATH=\"/Users/matsumotoyuki/Project/ruby_on_rails/tweet-app/vender/bundle/ruby/2.3.0/gems/nokogiri-1.10.3/ports/x86_64-apple-darwin18.2.0/libxslt/1.1.33\"" "-DNOKOGIRI_LIBXSLT_PATCHES=\"0001-Fix-security-framework-bypass.patch\""  -O3 -Wno-error=shorten-64-to-32  -pipe  -I /Library/Developer/CommandLineTools/SDKs/MacOSX.sdk/usr/include/libxml2 -DNOKOGIRI_USE_PACKAGED_LIBRARIES conftest.c  -L. -L/Users/matsumotoyuki/.rbenv/versions/2.3.7/lib -L/Users/matsumotoyuki/Project/ruby_on_rails/tweet-app/vender/bundle/ruby/2.3.0/gems/nokogiri-1.10.3/ports/x86_64-apple-darwin18.2.0/libxml2/2.9.9/lib -L/Users/matsumotoyuki/Project/ruby_on_rails/tweet-app/vender/bundle/ruby/2.3.0/gems/nokogiri-1.10.3/ports/x86_64-apple-darwin18.2.0/libxslt/1.1.33/lib -L/usr/local/Cellar/xz/5.2.4/lib -L. -L/Users/matsumotoyuki/.rbenv/versions/2.3.7/lib  -fstack-protector -L/usr/local/lib    /Users/matsumotoyuki/Project/ruby_on_rails/tweet-app/vender/bundle/ruby/2.3.0/gems/nokogiri-1.10.3/ports/x86_64-apple-darwin18.2.0/libxslt/1.1.33/lib/libexslt.a -lm -liconv -lpthread -llzma -lz /Users/matsumotoyuki/Project/ruby_on_rails/tweet-app/vender/bundle/ruby/2.3.0/gems/nokogiri-1.10.3/ports/x86_64-apple-darwin18.2.0/libxml2/2.9.9/lib/libxml2.a /Users/matsumotoyuki/Project/ruby_on_rails/tweet-app/vender/bundle/ruby/2.3.0/gems/nokogiri-1.10.3/ports/x86_64-apple-darwin18.2.0/libxslt/1.1.33/lib/libxslt.a -lm -liconv -lpthread -llzma -lz /Users/matsumotoyuki/Project/ruby_on_rails/tweet-app/vender/bundle/ruby/2.3.0/gems/nokogiri-1.10.3/ports/x86_64-apple-darwin18.2.0/libxml2/2.9.9/lib/libxml2.a -llzma -lruby-static -framework Foundation -lxml2 /Users/matsumotoyuki/Project/ruby_on_rails/tweet-app/vender/bundle/ruby/2.3.0/gems/nokogiri-1.10.3/ports/x86_64-apple-darwin18.2.0/libxslt/1.1.33/lib/libexslt.a -lm -liconv -lpthread -llzma -lz /Users/matsumotoyuki/Project/ruby_on_rails/tweet-app/vender/bundle/ruby/2.3.0/gems/nokogiri-1.10.3/ports/x86_64-apple-darwin18.2.0/libxml2/2.9.9/lib/libxml2.a /Users/matsumotoyuki/Project/ruby_on_rails/tweet-app/vender/bundle/ruby/2.3.0/gems/nokogiri-1.10.3/ports/x86_64-apple-darwin18.2.0/libxslt/1.1.33/lib/libxslt.a -lm -liconv -lpthread -llzma -lz /Users/matsumotoyuki/Project/ruby_on_rails/tweet-app/vender/bundle/ruby/2.3.0/gems/nokogiri-1.10.3/ports/x86_64-apple-darwin18.2.0/libxml2/2.9.9/lib/libxml2.a -llzma -lpthread -ldl -lobjc  "
Undefined symbols for architecture x86_64:
  "_libiconv", referenced from:
      _xmlIconvWrapper in libxml2.a(encoding.o)
  "_libiconv_close", referenced from:
      _xmlFindCharEncodingHandler in libxml2.a(encoding.o)
      _xmlCharEncCloseFunc in libxml2.a(encoding.o)
  "_libiconv_open", referenced from:
      _xmlFindCharEncodingHandler in libxml2.a(encoding.o)
ld: symbol(s) not found for architecture x86_64
clang: error: linker command failed with exit code 1 (use -v to see invocation)
checked program was:
/* begin */
 1: #include "ruby.h"
 2: 
 3: #include <libxml/parser.h>
 4: 
 5: /*top*/
 6: extern int t(void);
 7: int main(int argc, char **argv)
 8: {
 9:   if (argc > 1000000) {
10:     printf("%p", &t);
11:   }
12: 
13:   return 0;
14: }
15: int t(void) { void ((*volatile p)()); p = (void ((*)()))xmlParseDoc; return !p; }
/* end */

"clang -o conftest -I/Users/matsumotoyuki/.rbenv/versions/2.3.7/include/ruby-2.3.0/x86_64-darwin18 -I/Users/matsumotoyuki/.rbenv/versions/2.3.7/include/ruby-2.3.0/ruby/backward -I/Users/matsumotoyuki/.rbenv/versions/2.3.7/include/ruby-2.3.0 -I. -I/Users/matsumotoyuki/Project/ruby_on_rails/tweet-app/vender/bundle/ruby/2.3.0/gems/nokogiri-1.10.3/ports/x86_64-apple-darwin18.2.0/libxslt/1.1.33/include -I/Users/matsumotoyuki/Project/ruby_on_rails/tweet-app/vender/bundle/ruby/2.3.0/gems/nokogiri-1.10.3/ports/x86_64-apple-darwin18.2.0/libxml2/2.9.9/include/libxml2 -I/Users/matsumotoyuki/Project/ruby_on_rails/tweet-app/vender/bundle/ruby/2.3.0/gems/nokogiri-1.10.3/ports/x86_64-apple-darwin18.2.0/libxml2/2.9.9/include/libxml2 -I/Users/matsumotoyuki/.rbenv/versions/2.3.7/include  -D_XOPEN_SOURCE -D_DARWIN_C_SOURCE -D_DARWIN_UNLIMITED_SELECT -D_REENTRANT   "-DNOKOGIRI_LIBXML2_PATH=\"/Users/matsumotoyuki/Project/ruby_on_rails/tweet-app/vender/bundle/ruby/2.3.0/gems/nokogiri-1.10.3/ports/x86_64-apple-darwin18.2.0/libxml2/2.9.9\"" "-DNOKOGIRI_LIBXML2_PATCHES=\"0001-Revert-Do-not-URI-escape-in-server-side-includes.patch 0002-Remove-script-macro-support.patch 0003-Update-entities-to-remove-handling-of-ssi.patch\"" "-DNOKOGIRI_LIBXSLT_PATH=\"/Users/matsumotoyuki/Project/ruby_on_rails/tweet-app/vender/bundle/ruby/2.3.0/gems/nokogiri-1.10.3/ports/x86_64-apple-darwin18.2.0/libxslt/1.1.33\"" "-DNOKOGIRI_LIBXSLT_PATCHES=\"0001-Fix-security-framework-bypass.patch\""  -O3 -Wno-error=shorten-64-to-32  -pipe  -I /Library/Developer/CommandLineTools/SDKs/MacOSX.sdk/usr/include/libxml2 -DNOKOGIRI_USE_PACKAGED_LIBRARIES conftest.c  -L. -L/Users/matsumotoyuki/.rbenv/versions/2.3.7/lib -L/Users/matsumotoyuki/Project/ruby_on_rails/tweet-app/vender/bundle/ruby/2.3.0/gems/nokogiri-1.10.3/ports/x86_64-apple-darwin18.2.0/libxml2/2.9.9/lib -L/Users/matsumotoyuki/Project/ruby_on_rails/tweet-app/vender/bundle/ruby/2.3.0/gems/nokogiri-1.10.3/ports/x86_64-apple-darwin18.2.0/libxslt/1.1.33/lib -L/usr/local/Cellar/xz/5.2.4/lib -L. -L/Users/matsumotoyuki/.rbenv/versions/2.3.7/lib  -fstack-protector -L/usr/local/lib    /Users/matsumotoyuki/Project/ruby_on_rails/tweet-app/vender/bundle/ruby/2.3.0/gems/nokogiri-1.10.3/ports/x86_64-apple-darwin18.2.0/libxslt/1.1.33/lib/libexslt.a -lm -liconv -lpthread -llzma -lz /Users/matsumotoyuki/Project/ruby_on_rails/tweet-app/vender/bundle/ruby/2.3.0/gems/nokogiri-1.10.3/ports/x86_64-apple-darwin18.2.0/libxml2/2.9.9/lib/libxml2.a /Users/matsumotoyuki/Project/ruby_on_rails/tweet-app/vender/bundle/ruby/2.3.0/gems/nokogiri-1.10.3/ports/x86_64-apple-darwin18.2.0/libxslt/1.1.33/lib/libxslt.a -lm -liconv -lpthread -llzma -lz /Users/matsumotoyuki/Project/ruby_on_rails/tweet-app/vender/bundle/ruby/2.3.0/gems/nokogiri-1.10.3/ports/x86_64-apple-darwin18.2.0/libxml2/2.9.9/lib/libxml2.a -llzma -lruby-static -framework Foundation -lxml2 /Users/matsumotoyuki/Project/ruby_on_rails/tweet-app/vender/bundle/ruby/2.3.0/gems/nokogiri-1.10.3/ports/x86_64-apple-darwin18.2.0/libxslt/1.1.33/lib/libexslt.a -lm -liconv -lpthread -llzma -lz /Users/matsumotoyuki/Project/ruby_on_rails/tweet-app/vender/bundle/ruby/2.3.0/gems/nokogiri-1.10.3/ports/x86_64-apple-darwin18.2.0/libxml2/2.9.9/lib/libxml2.a /Users/matsumotoyuki/Project/ruby_on_rails/tweet-app/vender/bundle/ruby/2.3.0/gems/nokogiri-1.10.3/ports/x86_64-apple-darwin18.2.0/libxslt/1.1.33/lib/libxslt.a -lm -liconv -lpthread -llzma -lz /Users/matsumotoyuki/Project/ruby_on_rails/tweet-app/vender/bundle/ruby/2.3.0/gems/nokogiri-1.10.3/ports/x86_64-apple-darwin18.2.0/libxml2/2.9.9/lib/libxml2.a -llzma -lpthread -ldl -lobjc  "
conftest.c:15:13: error: conflicting types for 'xmlParseDoc'
extern void xmlParseDoc();
            ^
/Users/matsumotoyuki/Project/ruby_on_rails/tweet-app/vender/bundle/ruby/2.3.0/gems/nokogiri-1.10.3/ports/x86_64-apple-darwin18.2.0/libxml2/2.9.9/include/libxml2/libxml/parser.h:842:3: note: previous declaration is here
                xmlParseDoc             (const xmlChar *cur);
                ^
conftest.c:16:27: error: too few arguments to function call, single argument 'cur' was not specified
int t(void) { xmlParseDoc(); return 0; }
              ~~~~~~~~~~~ ^
/Users/matsumotoyuki/Project/ruby_on_rails/tweet-app/vender/bundle/ruby/2.3.0/gems/nokogiri-1.10.3/ports/x86_64-apple-darwin18.2.0/libxml2/2.9.9/include/libxml2/libxml/parser.h:841:11: note: 'xmlParseDoc' declared here
XMLPUBFUN xmlDocPtr XMLCALL
          ^
2 errors generated.
checked program was:
/* begin */
 1: #include "ruby.h"
 2: 
 3: #include <libxml/parser.h>
 4: 
 5: /*top*/
 6: extern int t(void);
 7: int main(int argc, char **argv)
 8: {
 9:   if (argc > 1000000) {
10:     printf("%p", &t);
11:   }
12: 
13:   return 0;
14: }
15: extern void xmlParseDoc();
16: int t(void) { xmlParseDoc(); return 0; }
/* end */

--------------------

have_library: checking for xmlParseDoc() in -llibxml2... -------------------- no

"clang -o conftest -I/Users/matsumotoyuki/.rbenv/versions/2.3.7/include/ruby-2.3.0/x86_64-darwin18 -I/Users/matsumotoyuki/.rbenv/versions/2.3.7/include/ruby-2.3.0/ruby/backward -I/Users/matsumotoyuki/.rbenv/versions/2.3.7/include/ruby-2.3.0 -I. -I/Users/matsumotoyuki/Project/ruby_on_rails/tweet-app/vender/bundle/ruby/2.3.0/gems/nokogiri-1.10.3/ports/x86_64-apple-darwin18.2.0/libxslt/1.1.33/include -I/Users/matsumotoyuki/Project/ruby_on_rails/tweet-app/vender/bundle/ruby/2.3.0/gems/nokogiri-1.10.3/ports/x86_64-apple-darwin18.2.0/libxml2/2.9.9/include/libxml2 -I/Users/matsumotoyuki/Project/ruby_on_rails/tweet-app/vender/bundle/ruby/2.3.0/gems/nokogiri-1.10.3/ports/x86_64-apple-darwin18.2.0/libxml2/2.9.9/include/libxml2 -I/Users/matsumotoyuki/.rbenv/versions/2.3.7/include  -D_XOPEN_SOURCE -D_DARWIN_C_SOURCE -D_DARWIN_UNLIMITED_SELECT -D_REENTRANT   "-DNOKOGIRI_LIBXML2_PATH=\"/Users/matsumotoyuki/Project/ruby_on_rails/tweet-app/vender/bundle/ruby/2.3.0/gems/nokogiri-1.10.3/ports/x86_64-apple-darwin18.2.0/libxml2/2.9.9\"" "-DNOKOGIRI_LIBXML2_PATCHES=\"0001-Revert-Do-not-URI-escape-in-server-side-includes.patch 0002-Remove-script-macro-support.patch 0003-Update-entities-to-remove-handling-of-ssi.patch\"" "-DNOKOGIRI_LIBXSLT_PATH=\"/Users/matsumotoyuki/Project/ruby_on_rails/tweet-app/vender/bundle/ruby/2.3.0/gems/nokogiri-1.10.3/ports/x86_64-apple-darwin18.2.0/libxslt/1.1.33\"" "-DNOKOGIRI_LIBXSLT_PATCHES=\"0001-Fix-security-framework-bypass.patch\""  -O3 -Wno-error=shorten-64-to-32  -pipe  -I /Library/Developer/CommandLineTools/SDKs/MacOSX.sdk/usr/include/libxml2 -DNOKOGIRI_USE_PACKAGED_LIBRARIES conftest.c  -L. -L/Users/matsumotoyuki/.rbenv/versions/2.3.7/lib -L/Users/matsumotoyuki/Project/ruby_on_rails/tweet-app/vender/bundle/ruby/2.3.0/gems/nokogiri-1.10.3/ports/x86_64-apple-darwin18.2.0/libxml2/2.9.9/lib -L/Users/matsumotoyuki/Project/ruby_on_rails/tweet-app/vender/bundle/ruby/2.3.0/gems/nokogiri-1.10.3/ports/x86_64-apple-darwin18.2.0/libxslt/1.1.33/lib -L/usr/local/Cellar/xz/5.2.4/lib -L. -L/Users/matsumotoyuki/.rbenv/versions/2.3.7/lib  -fstack-protector -L/usr/local/lib    /Users/matsumotoyuki/Project/ruby_on_rails/tweet-app/vender/bundle/ruby/2.3.0/gems/nokogiri-1.10.3/ports/x86_64-apple-darwin18.2.0/libxslt/1.1.33/lib/libexslt.a -lm -liconv -lpthread -llzma -lz /Users/matsumotoyuki/Project/ruby_on_rails/tweet-app/vender/bundle/ruby/2.3.0/gems/nokogiri-1.10.3/ports/x86_64-apple-darwin18.2.0/libxml2/2.9.9/lib/libxml2.a /Users/matsumotoyuki/Project/ruby_on_rails/tweet-app/vender/bundle/ruby/2.3.0/gems/nokogiri-1.10.3/ports/x86_64-apple-darwin18.2.0/libxslt/1.1.33/lib/libxslt.a -lm -liconv -lpthread -llzma -lz /Users/matsumotoyuki/Project/ruby_on_rails/tweet-app/vender/bundle/ruby/2.3.0/gems/nokogiri-1.10.3/ports/x86_64-apple-darwin18.2.0/libxml2/2.9.9/lib/libxml2.a -llzma -lruby-static -framework Foundation -llibxml2 /Users/matsumotoyuki/Project/ruby_on_rails/tweet-app/vender/bundle/ruby/2.3.0/gems/nokogiri-1.10.3/ports/x86_64-apple-darwin18.2.0/libxslt/1.1.33/lib/libexslt.a -lm -liconv -lpthread -llzma -lz /Users/matsumotoyuki/Project/ruby_on_rails/tweet-app/vender/bundle/ruby/2.3.0/gems/nokogiri-1.10.3/ports/x86_64-apple-darwin18.2.0/libxml2/2.9.9/lib/libxml2.a /Users/matsumotoyuki/Project/ruby_on_rails/tweet-app/vender/bundle/ruby/2.3.0/gems/nokogiri-1.10.3/ports/x86_64-apple-darwin18.2.0/libxslt/1.1.33/lib/libxslt.a -lm -liconv -lpthread -llzma -lz /Users/matsumotoyuki/Project/ruby_on_rails/tweet-app/vender/bundle/ruby/2.3.0/gems/nokogiri-1.10.3/ports/x86_64-apple-darwin18.2.0/libxml2/2.9.9/lib/libxml2.a -llzma -lpthread -ldl -lobjc  "
ld: library not found for -llibxml2
clang: error: linker command failed with exit code 1 (use -v to see invocation)
checked program was:
/* begin */
 1: #include "ruby.h"
 2: 
 3: #include <libxml/parser.h>
 4: 
 5: /*top*/
 6: extern int t(void);
 7: int main(int argc, char **argv)
 8: {
 9:   if (argc > 1000000) {
10:     printf("%p", &t);
11:   }
12: 
13:   return 0;
14: }
15: int t(void) { void ((*volatile p)()); p = (void ((*)()))xmlParseDoc; return !p; }
/* end */

"clang -o conftest -I/Users/matsumotoyuki/.rbenv/versions/2.3.7/include/ruby-2.3.0/x86_64-darwin18 -I/Users/matsumotoyuki/.rbenv/versions/2.3.7/include/ruby-2.3.0/ruby/backward -I/Users/matsumotoyuki/.rbenv/versions/2.3.7/include/ruby-2.3.0 -I. -I/Users/matsumotoyuki/Project/ruby_on_rails/tweet-app/vender/bundle/ruby/2.3.0/gems/nokogiri-1.10.3/ports/x86_64-apple-darwin18.2.0/libxslt/1.1.33/include -I/Users/matsumotoyuki/Project/ruby_on_rails/tweet-app/vender/bundle/ruby/2.3.0/gems/nokogiri-1.10.3/ports/x86_64-apple-darwin18.2.0/libxml2/2.9.9/include/libxml2 -I/Users/matsumotoyuki/Project/ruby_on_rails/tweet-app/vender/bundle/ruby/2.3.0/gems/nokogiri-1.10.3/ports/x86_64-apple-darwin18.2.0/libxml2/2.9.9/include/libxml2 -I/Users/matsumotoyuki/.rbenv/versions/2.3.7/include  -D_XOPEN_SOURCE -D_DARWIN_C_SOURCE -D_DARWIN_UNLIMITED_SELECT -D_REENTRANT   "-DNOKOGIRI_LIBXML2_PATH=\"/Users/matsumotoyuki/Project/ruby_on_rails/tweet-app/vender/bundle/ruby/2.3.0/gems/nokogiri-1.10.3/ports/x86_64-apple-darwin18.2.0/libxml2/2.9.9\"" "-DNOKOGIRI_LIBXML2_PATCHES=\"0001-Revert-Do-not-URI-escape-in-server-side-includes.patch 0002-Remove-script-macro-support.patch 0003-Update-entities-to-remove-handling-of-ssi.patch\"" "-DNOKOGIRI_LIBXSLT_PATH=\"/Users/matsumotoyuki/Project/ruby_on_rails/tweet-app/vender/bundle/ruby/2.3.0/gems/nokogiri-1.10.3/ports/x86_64-apple-darwin18.2.0/libxslt/1.1.33\"" "-DNOKOGIRI_LIBXSLT_PATCHES=\"0001-Fix-security-framework-bypass.patch\""  -O3 -Wno-error=shorten-64-to-32  -pipe  -I /Library/Developer/CommandLineTools/SDKs/MacOSX.sdk/usr/include/libxml2 -DNOKOGIRI_USE_PACKAGED_LIBRARIES conftest.c  -L. -L/Users/matsumotoyuki/.rbenv/versions/2.3.7/lib -L/Users/matsumotoyuki/Project/ruby_on_rails/tweet-app/vender/bundle/ruby/2.3.0/gems/nokogiri-1.10.3/ports/x86_64-apple-darwin18.2.0/libxml2/2.9.9/lib -L/Users/matsumotoyuki/Project/ruby_on_rails/tweet-app/vender/bundle/ruby/2.3.0/gems/nokogiri-1.10.3/ports/x86_64-apple-darwin18.2.0/libxslt/1.1.33/lib -L/usr/local/Cellar/xz/5.2.4/lib -L. -L/Users/matsumotoyuki/.rbenv/versions/2.3.7/lib  -fstack-protector -L/usr/local/lib    /Users/matsumotoyuki/Project/ruby_on_rails/tweet-app/vender/bundle/ruby/2.3.0/gems/nokogiri-1.10.3/ports/x86_64-apple-darwin18.2.0/libxslt/1.1.33/lib/libexslt.a -lm -liconv -lpthread -llzma -lz /Users/matsumotoyuki/Project/ruby_on_rails/tweet-app/vender/bundle/ruby/2.3.0/gems/nokogiri-1.10.3/ports/x86_64-apple-darwin18.2.0/libxml2/2.9.9/lib/libxml2.a /Users/matsumotoyuki/Project/ruby_on_rails/tweet-app/vender/bundle/ruby/2.3.0/gems/nokogiri-1.10.3/ports/x86_64-apple-darwin18.2.0/libxslt/1.1.33/lib/libxslt.a -lm -liconv -lpthread -llzma -lz /Users/matsumotoyuki/Project/ruby_on_rails/tweet-app/vender/bundle/ruby/2.3.0/gems/nokogiri-1.10.3/ports/x86_64-apple-darwin18.2.0/libxml2/2.9.9/lib/libxml2.a -llzma -lruby-static -framework Foundation -llibxml2 /Users/matsumotoyuki/Project/ruby_on_rails/tweet-app/vender/bundle/ruby/2.3.0/gems/nokogiri-1.10.3/ports/x86_64-apple-darwin18.2.0/libxslt/1.1.33/lib/libexslt.a -lm -liconv -lpthread -llzma -lz /Users/matsumotoyuki/Project/ruby_on_rails/tweet-app/vender/bundle/ruby/2.3.0/gems/nokogiri-1.10.3/ports/x86_64-apple-darwin18.2.0/libxml2/2.9.9/lib/libxml2.a /Users/matsumotoyuki/Project/ruby_on_rails/tweet-app/vender/bundle/ruby/2.3.0/gems/nokogiri-1.10.3/ports/x86_64-apple-darwin18.2.0/libxslt/1.1.33/lib/libxslt.a -lm -liconv -lpthread -llzma -lz /Users/matsumotoyuki/Project/ruby_on_rails/tweet-app/vender/bundle/ruby/2.3.0/gems/nokogiri-1.10.3/ports/x86_64-apple-darwin18.2.0/libxml2/2.9.9/lib/libxml2.a -llzma -lpthread -ldl -lobjc  "
conftest.c:15:13: error: conflicting types for 'xmlParseDoc'
extern void xmlParseDoc();
            ^
/Users/matsumotoyuki/Project/ruby_on_rails/tweet-app/vender/bundle/ruby/2.3.0/gems/nokogiri-1.10.3/ports/x86_64-apple-darwin18.2.0/libxml2/2.9.9/include/libxml2/libxml/parser.h:842:3: note: previous declaration is here
                xmlParseDoc             (const xmlChar *cur);
                ^
conftest.c:16:27: error: too few arguments to function call, single argument 'cur' was not specified
int t(void) { xmlParseDoc(); return 0; }
              ~~~~~~~~~~~ ^
/Users/matsumotoyuki/Project/ruby_on_rails/tweet-app/vender/bundle/ruby/2.3.0/gems/nokogiri-1.10.3/ports/x86_64-apple-darwin18.2.0/libxml2/2.9.9/include/libxml2/libxml/parser.h:841:11: note: 'xmlParseDoc' declared here
XMLPUBFUN xmlDocPtr XMLCALL
          ^
2 errors generated.
checked program was:
/* begin */
 1: #include "ruby.h"
 2: 
 3: #include <libxml/parser.h>
 4: 
 5: /*top*/
 6: extern int t(void);
 7: int main(int argc, char **argv)
 8: {
 9:   if (argc > 1000000) {
10:     printf("%p", &t);
11:   }
12: 
13:   return 0;
14: }
15: extern void xmlParseDoc();
16: int t(void) { xmlParseDoc(); return 0; }
/* end */

--------------------

